<?xml version="1.0" encoding="UTF-8"?>
<!-- Generated by org.testng.reporters.JUnitReportReporter -->
<testsuite hostname="WL313736" name="example.TestsForIE" tests="1" failures="0" timestamp="14 Aug 2018 04:44:41 GMT" time="113.559" errors="0">
  <testcase name="LoginVerifyLandingPage" time="113.559" classname="example.TestsForIE"/>
</testsuite> <!-- example.TestsForIE -->
