<?xml version="1.0" encoding="UTF-8"?>
<!-- Generated by org.testng.reporters.JUnitReportReporter -->
<testsuite hostname="BHARATJO04" name="test.java.TestsForCortalConsorsWeb" tests="1" failures="0" timestamp="11 Jun 2014 12:45:28 GMT" time="69.432" errors="0">
  <testcase name="testConsorsPOC" time="69.432" classname="test.java.TestsForCortalConsorsWeb"/>
</testsuite> <!-- test.java.TestsForCortalConsorsWeb -->
