<?xml version="1.0" encoding="UTF-8"?>
<!-- Generated by org.testng.reporters.JUnitReportReporter -->
<testsuite hostname="BHARATJO04" name="test.java.TestsForMercuryTours" tests="2" failures="0" timestamp="10 Jun 2014 10:05:11 GMT" time="35.465" errors="0">
  <testcase name="testRegisterUser" time="35.421" classname="test.java.TestsForMercuryTours"/>
  <testcase name="testLogin" time="0.044" classname="test.java.TestsForMercuryTours"/>
</testsuite> <!-- test.java.TestsForMercuryTours -->
